══════════════════════════════════════════════════════════════
  NEGOTIATION DIALOGUE: Cloud Platform
  Session  : sess-20260317_165555-cloud_platform
  Started  : 2026-03-17 16:57:23
══════════════════════════════════════════════════════════════

  MISSION
  Teams need to agree on compute tier, storage quota, support level, deployment region, and contract length for multi-year cloud infrastructure.

  ISSUES IDENTIFIED
  • compute tier
  • storage quota
  • support level
  • deployment region
  • contract length

  OPTIONS PER ISSUE
  • compute tier: basic, standard, premium, enterprise
  • storage quota: 1 TB, 5 TB, 10 TB, 50 TB
  • support level: self-service, standard support, priority support, dedicated support
  • deployment region: North America, Europe, Asia-Pacific, South America
  • contract length: 1 year, 2 years, 3 years, 5 years

[Round 1]  Proposer: server
  OFFER    : compute tier: 'standard'  |  storage quota: '10 TB'  |  support level: 'standard support'  |  deployment region: 'Asia-Pacific'  |  contract length: '3 years'
  [Agent A ]  REJECT
  [Agent B ]  REJECT
  [Agent C ]  REJECT

[Round 2]  Proposer: Agent C
  OFFER    : compute tier: 'basic'  |  storage quota: '1 TB'  |  support level: 'self-service'  |  deployment region: 'North America'  |  contract length: '1 year'
  [Agent A ]  ACCEPT ✓
  [Agent B ]  REJECT

[Round 3]  Proposer: Agent A
  OFFER    : compute tier: 'basic'  |  storage quota: '1 TB'  |  support level: 'self-service'  |  deployment region: 'North America'  |  contract length: '1 year'
  [Agent B ]  REJECT
  [Agent C ]  ACCEPT ✓

[Round 4]  Proposer: Agent B
  OFFER    : compute tier: 'enterprise'  |  storage quota: '50 TB'  |  support level: 'dedicated support'  |  deployment region: 'Asia-Pacific'  |  contract length: '5 years'
  [Agent A ]  REJECT
  [Agent C ]  REJECT

[Round 5]  Proposer: Agent C
  OFFER    : compute tier: 'basic'  |  storage quota: '1 TB'  |  support level: 'self-service'  |  deployment region: 'North America'  |  contract length: '1 year'
  [Agent A ]  ACCEPT ✓
  [Agent B ]  REJECT

[Round 6]  Proposer: Agent A
  OFFER    : compute tier: 'basic'  |  storage quota: '1 TB'  |  support level: 'self-service'  |  deployment region: 'North America'  |  contract length: '1 year'
  [Agent B ]  REJECT
  [Agent C ]  ACCEPT ✓

[Round 7]  Proposer: Agent B
  OFFER    : compute tier: 'enterprise'  |  storage quota: '50 TB'  |  support level: 'dedicated support'  |  deployment region: 'South America'  |  contract length: '5 years'
  [Agent A ]  REJECT
  [Agent C ]  REJECT

[Round 8]  Proposer: Agent C
  OFFER    : compute tier: 'basic'  |  storage quota: '1 TB'  |  support level: 'self-service'  |  deployment region: 'North America'  |  contract length: '1 year'
  [Agent A ]  ACCEPT ✓
  [Agent B ]  REJECT

[Round 9]  Proposer: Agent A
  OFFER    : compute tier: 'basic'  |  storage quota: '1 TB'  |  support level: 'self-service'  |  deployment region: 'North America'  |  contract length: '1 year'
  [Agent B ]  REJECT
  [Agent C ]  ACCEPT ✓

[Round 10]  Proposer: Agent B
  OFFER    : compute tier: 'enterprise'  |  storage quota: '50 TB'  |  support level: 'priority support'  |  deployment region: 'Asia-Pacific'  |  contract length: '3 years'
  [Agent A ]  REJECT
  [Agent C ]  REJECT

[Round 11]  Proposer: Agent C
  OFFER    : compute tier: 'basic'  |  storage quota: '1 TB'  |  support level: 'self-service'  |  deployment region: 'North America'  |  contract length: '1 year'
  [Agent A ]  ACCEPT ✓
  [Agent B ]  REJECT

[Round 12]  Proposer: Agent A
  OFFER    : compute tier: 'basic'  |  storage quota: '1 TB'  |  support level: 'self-service'  |  deployment region: 'North America'  |  contract length: '2 years'
  [Agent B ]  REJECT
  [Agent C ]  ACCEPT ✓

[Round 13]  Proposer: Agent B
  OFFER    : compute tier: 'enterprise'  |  storage quota: '10 TB'  |  support level: 'priority support'  |  deployment region: 'Asia-Pacific'  |  contract length: '3 years'
  [Agent A ]  REJECT
  [Agent C ]  REJECT

[Round 14]  Proposer: Agent C
  OFFER    : compute tier: 'basic'  |  storage quota: '1 TB'  |  support level: 'self-service'  |  deployment region: 'North America'  |  contract length: '1 year'
  [Agent A ]  ACCEPT ✓
  [Agent B ]  REJECT

[Round 15]  Proposer: Agent A
  OFFER    : compute tier: 'basic'  |  storage quota: '1 TB'  |  support level: 'self-service'  |  deployment region: 'North America'  |  contract length: '1 year'
  [Agent B ]  REJECT
  [Agent C ]  ACCEPT ✓

[Round 16]  Proposer: Agent B
  OFFER    : compute tier: 'enterprise'  |  storage quota: '10 TB'  |  support level: 'priority support'  |  deployment region: 'Asia-Pacific'  |  contract length: '3 years'
  [Agent A ]  REJECT
  [Agent C ]  REJECT

[Round 17]  Proposer: Agent C
  OFFER    : compute tier: 'basic'  |  storage quota: '1 TB'  |  support level: 'self-service'  |  deployment region: 'North America'  |  contract length: '1 year'
  [Agent A ]  ACCEPT ✓
  [Agent B ]  REJECT

[Round 18]  Proposer: Agent A
  OFFER    : compute tier: 'basic'  |  storage quota: '1 TB'  |  support level: 'self-service'  |  deployment region: 'North America'  |  contract length: '2 years'
  [Agent B ]  REJECT
  [Agent C ]  ACCEPT ✓

[Round 19]  Proposer: Agent B
  OFFER    : compute tier: 'standard'  |  storage quota: '5 TB'  |  support level: 'standard support'  |  deployment region: 'Europe'  |  contract length: '3 years'
  [Agent A ]  REJECT
  [Agent C ]  ACCEPT ✓

[Round 20]  Proposer: Agent C
  OFFER    : compute tier: 'basic'  |  storage quota: '1 TB'  |  support level: 'self-service'  |  deployment region: 'North America'  |  contract length: '1 year'
  [Agent A ]  ACCEPT ✓
  [Agent B ]  REJECT

[Round 21]  Proposer: Agent A
  OFFER    : compute tier: 'basic'  |  storage quota: '1 TB'  |  support level: 'self-service'  |  deployment region: 'North America'  |  contract length: '2 years'
  [Agent B ]  REJECT
  [Agent C ]  ACCEPT ✓

[Round 22]  Proposer: Agent B
  OFFER    : compute tier: 'standard'  |  storage quota: '5 TB'  |  support level: 'standard support'  |  deployment region: 'Europe'  |  contract length: '3 years'
  [Agent A ]  REJECT
  [Agent C ]  ACCEPT ✓

[Round 23]  Proposer: Agent C
  OFFER    : compute tier: 'basic'  |  storage quota: '1 TB'  |  support level: 'self-service'  |  deployment region: 'North America'  |  contract length: '1 year'
  [Agent A ]  ACCEPT ✓
  [Agent B ]  REJECT

[Round 24]  Proposer: Agent A
  OFFER    : compute tier: 'basic'  |  storage quota: '1 TB'  |  support level: 'self-service'  |  deployment region: 'North America'  |  contract length: '2 years'
  [Agent B ]  REJECT
  [Agent C ]  ACCEPT ✓

[Round 25]  Proposer: Agent B
  OFFER    : compute tier: 'standard'  |  storage quota: '10 TB'  |  support level: 'priority support'  |  deployment region: 'Europe'  |  contract length: '3 years'
  [Agent A ]  REJECT
  [Agent C ]  ACCEPT ✓

[Round 26]  Proposer: Agent C
  OFFER    : compute tier: 'basic'  |  storage quota: '1 TB'  |  support level: 'self-service'  |  deployment region: 'North America'  |  contract length: '1 year'
  [Agent A ]  ACCEPT ✓
  [Agent B ]  REJECT

[Round 27]  Proposer: Agent A
  OFFER    : compute tier: 'basic'  |  storage quota: '1 TB'  |  support level: 'self-service'  |  deployment region: 'North America'  |  contract length: '2 years'
  [Agent B ]  REJECT
  [Agent C ]  ACCEPT ✓

[Round 28]  Proposer: Agent B
  OFFER    : compute tier: 'standard'  |  storage quota: '5 TB'  |  support level: 'standard support'  |  deployment region: 'Europe'  |  contract length: '3 years'
  [Agent A ]  REJECT
  [Agent C ]  ACCEPT ✓

[Round 29]  Proposer: Agent C
  OFFER    : compute tier: 'basic'  |  storage quota: '1 TB'  |  support level: 'self-service'  |  deployment region: 'North America'  |  contract length: '2 years'
  [Agent A ]  ACCEPT ✓
  [Agent B ]  REJECT

[Round 30]  Proposer: Agent A
  OFFER    : compute tier: 'basic'  |  storage quota: '1 TB'  |  support level: 'self-service'  |  deployment region: 'North America'  |  contract length: '1 year'
  [Agent B ]  REJECT
  [Agent C ]  ACCEPT ✓

[Round 31]  Proposer: Agent B
  OFFER    : compute tier: 'premium'  |  storage quota: '10 TB'  |  support level: 'priority support'  |  deployment region: 'Europe'  |  contract length: '3 years'
  [Agent A ]  REJECT
  [Agent C ]  ACCEPT ✓

[Round 32]  Proposer: Agent C
  OFFER    : compute tier: 'basic'  |  storage quota: '1 TB'  |  support level: 'self-service'  |  deployment region: 'North America'  |  contract length: '1 year'
  [Agent A ]  ACCEPT ✓
  [Agent B ]  REJECT

[Round 33]  Proposer: Agent A
  OFFER    : compute tier: 'basic'  |  storage quota: '1 TB'  |  support level: 'self-service'  |  deployment region: 'North America'  |  contract length: '2 years'
  [Agent B ]  REJECT
  [Agent C ]  ACCEPT ✓

[Round 34]  Proposer: Agent B
  OFFER    : compute tier: 'standard'  |  storage quota: '10 TB'  |  support level: 'priority support'  |  deployment region: 'Europe'  |  contract length: '3 years'
  [Agent A ]  REJECT
  [Agent C ]  REJECT

[Round 35]  Proposer: Agent C
  OFFER    : compute tier: 'basic'  |  storage quota: '1 TB'  |  support level: 'self-service'  |  deployment region: 'North America'  |  contract length: '1 year'
  [Agent A ]  ACCEPT ✓
  [Agent B ]  REJECT

[Round 36]  Proposer: Agent A
  OFFER    : compute tier: 'basic'  |  storage quota: '1 TB'  |  support level: 'self-service'  |  deployment region: 'North America'  |  contract length: '2 years'
  [Agent B ]  ACCEPT ✓
  [Agent C ]  ACCEPT ✓

══════════════════════════════════════════════════════════════
  VERDICT  : CONSENSUS REACHED ✓
  DEAL     : compute tier: 'basic'  |  storage quota: '1 TB'  |  support level: 'self-service'  |  deployment region: 'North America'  |  contract length: '2 years'
  Rounds   : 36 / 40
  Duration : 146.0s
══════════════════════════════════════════════════════════════
